   1              		.cpu cortex-m0
   2              		.fpu softvfp
   3              		.eabi_attribute 20, 1
   4              		.eabi_attribute 21, 1
   5              		.eabi_attribute 23, 3
   6              		.eabi_attribute 24, 1
   7              		.eabi_attribute 25, 1
   8              		.eabi_attribute 26, 1
   9              		.eabi_attribute 30, 6
  10              		.eabi_attribute 34, 0
  11              		.eabi_attribute 18, 4
  12              		.code	16
  13              		.file	"stm32f0xx_it.c"
  14              		.text
  15              	.Ltext0:
  16              		.cfi_sections	.debug_frame
  17              		.section	.text.NMI_Handler,"ax",%progbits
  18              		.align	2
  19              		.global	NMI_Handler
  20              		.code	16
  21              		.thumb_func
  23              	NMI_Handler:
  24              	.LFB32:
  25              		.file 1 "../../src/mains/recordingLight/arch/stm32f0xx_it.c"
   1:../../src/mains/recordingLight/arch/stm32f0xx_it.c **** /**
   2:../../src/mains/recordingLight/arch/stm32f0xx_it.c ****   ******************************************************************************
   3:../../src/mains/recordingLight/arch/stm32f0xx_it.c ****   * @file    stm32f0xx_it.c 
   4:../../src/mains/recordingLight/arch/stm32f0xx_it.c ****   * @author  MCD Application Team
   5:../../src/mains/recordingLight/arch/stm32f0xx_it.c ****   * @version V1.0.0
   6:../../src/mains/recordingLight/arch/stm32f0xx_it.c ****   * @date    23-March-2012
   7:../../src/mains/recordingLight/arch/stm32f0xx_it.c ****   * @brief   Main Interrupt Service Routines.
   8:../../src/mains/recordingLight/arch/stm32f0xx_it.c ****   *          This file provides template for all exceptions handler and 
   9:../../src/mains/recordingLight/arch/stm32f0xx_it.c ****   *          peripherals interrupt service routine.
  10:../../src/mains/recordingLight/arch/stm32f0xx_it.c ****   ******************************************************************************
  11:../../src/mains/recordingLight/arch/stm32f0xx_it.c ****   * @attention
  12:../../src/mains/recordingLight/arch/stm32f0xx_it.c ****   *
  13:../../src/mains/recordingLight/arch/stm32f0xx_it.c ****   * <h2><center>&copy; COPYRIGHT 2012 STMicroelectronics</center></h2>
  14:../../src/mains/recordingLight/arch/stm32f0xx_it.c ****   *
  15:../../src/mains/recordingLight/arch/stm32f0xx_it.c ****   * Licensed under MCD-ST Liberty SW License Agreement V2, (the "License");
  16:../../src/mains/recordingLight/arch/stm32f0xx_it.c ****   * You may not use this file except in compliance with the License.
  17:../../src/mains/recordingLight/arch/stm32f0xx_it.c ****   * You may obtain a copy of the License at:
  18:../../src/mains/recordingLight/arch/stm32f0xx_it.c ****   *
  19:../../src/mains/recordingLight/arch/stm32f0xx_it.c ****   *        http://www.st.com/software_license_agreement_liberty_v2
  20:../../src/mains/recordingLight/arch/stm32f0xx_it.c ****   *
  21:../../src/mains/recordingLight/arch/stm32f0xx_it.c ****   * Unless required by applicable law or agreed to in writing, software 
  22:../../src/mains/recordingLight/arch/stm32f0xx_it.c ****   * distributed under the License is distributed on an "AS IS" BASIS, 
  23:../../src/mains/recordingLight/arch/stm32f0xx_it.c ****   * WITHOUT WARRANTIES OR CONDITIONS OF ANY KIND, either express or implied.
  24:../../src/mains/recordingLight/arch/stm32f0xx_it.c ****   * See the License for the specific language governing permissions and
  25:../../src/mains/recordingLight/arch/stm32f0xx_it.c ****   * limitations under the License.
  26:../../src/mains/recordingLight/arch/stm32f0xx_it.c ****   *
  27:../../src/mains/recordingLight/arch/stm32f0xx_it.c ****   ******************************************************************************
  28:../../src/mains/recordingLight/arch/stm32f0xx_it.c ****   */
  29:../../src/mains/recordingLight/arch/stm32f0xx_it.c **** 
  30:../../src/mains/recordingLight/arch/stm32f0xx_it.c **** /* Includes ------------------------------------------------------------------*/
  31:../../src/mains/recordingLight/arch/stm32f0xx_it.c **** #include "stm32f0xx_it.h"
  32:../../src/mains/recordingLight/arch/stm32f0xx_it.c **** 
  33:../../src/mains/recordingLight/arch/stm32f0xx_it.c **** extern void TimingDelay_Decrement(void); 
  34:../../src/mains/recordingLight/arch/stm32f0xx_it.c **** 
  35:../../src/mains/recordingLight/arch/stm32f0xx_it.c **** /** @addtogroup STM32F0-Discovery_Demo
  36:../../src/mains/recordingLight/arch/stm32f0xx_it.c ****   * @{
  37:../../src/mains/recordingLight/arch/stm32f0xx_it.c ****   */
  38:../../src/mains/recordingLight/arch/stm32f0xx_it.c **** 
  39:../../src/mains/recordingLight/arch/stm32f0xx_it.c **** /** @addtogroup STM32F0XX_IT
  40:../../src/mains/recordingLight/arch/stm32f0xx_it.c ****   * @brief Interrupts driver modules
  41:../../src/mains/recordingLight/arch/stm32f0xx_it.c ****   * @{
  42:../../src/mains/recordingLight/arch/stm32f0xx_it.c ****   */
  43:../../src/mains/recordingLight/arch/stm32f0xx_it.c **** 
  44:../../src/mains/recordingLight/arch/stm32f0xx_it.c **** /* Private typedef -----------------------------------------------------------*/
  45:../../src/mains/recordingLight/arch/stm32f0xx_it.c **** /* Private define ------------------------------------------------------------*/
  46:../../src/mains/recordingLight/arch/stm32f0xx_it.c **** /* Private macro -------------------------------------------------------------*/
  47:../../src/mains/recordingLight/arch/stm32f0xx_it.c **** /* Private variables ---------------------------------------------------------*/
  48:../../src/mains/recordingLight/arch/stm32f0xx_it.c **** /* Private function prototypes -----------------------------------------------*/
  49:../../src/mains/recordingLight/arch/stm32f0xx_it.c **** /* Private functions ---------------------------------------------------------*/
  50:../../src/mains/recordingLight/arch/stm32f0xx_it.c **** 
  51:../../src/mains/recordingLight/arch/stm32f0xx_it.c **** /******************************************************************************/
  52:../../src/mains/recordingLight/arch/stm32f0xx_it.c **** /*            Cortex-M0 Processor Exceptions Handlers                         */
  53:../../src/mains/recordingLight/arch/stm32f0xx_it.c **** /******************************************************************************/
  54:../../src/mains/recordingLight/arch/stm32f0xx_it.c **** 
  55:../../src/mains/recordingLight/arch/stm32f0xx_it.c **** /**
  56:../../src/mains/recordingLight/arch/stm32f0xx_it.c ****   * @brief  This function handles NMI exception.
  57:../../src/mains/recordingLight/arch/stm32f0xx_it.c ****   * @param  None
  58:../../src/mains/recordingLight/arch/stm32f0xx_it.c ****   * @retval None
  59:../../src/mains/recordingLight/arch/stm32f0xx_it.c ****   */
  60:../../src/mains/recordingLight/arch/stm32f0xx_it.c **** void NMI_Handler(void)
  61:../../src/mains/recordingLight/arch/stm32f0xx_it.c **** {
  26              		.loc 1 61 0
  27              		.cfi_startproc
  28 0000 80B5     		push	{r7, lr}
  29              		.cfi_def_cfa_offset 8
  30              		.cfi_offset 7, -8
  31              		.cfi_offset 14, -4
  32 0002 00AF     		add	r7, sp, #0
  33              		.cfi_def_cfa_register 7
  62:../../src/mains/recordingLight/arch/stm32f0xx_it.c **** }
  34              		.loc 1 62 0
  35 0004 BD46     		mov	sp, r7
  36              		@ sp needed
  37 0006 80BD     		pop	{r7, pc}
  38              		.cfi_endproc
  39              	.LFE32:
  41              		.section	.text.HardFault_Handler,"ax",%progbits
  42              		.align	2
  43              		.global	HardFault_Handler
  44              		.code	16
  45              		.thumb_func
  47              	HardFault_Handler:
  48              	.LFB33:
  63:../../src/mains/recordingLight/arch/stm32f0xx_it.c **** 
  64:../../src/mains/recordingLight/arch/stm32f0xx_it.c **** /**
  65:../../src/mains/recordingLight/arch/stm32f0xx_it.c ****   * @brief  This function handles Hard Fault exception.
  66:../../src/mains/recordingLight/arch/stm32f0xx_it.c ****   * @param  None
  67:../../src/mains/recordingLight/arch/stm32f0xx_it.c ****   * @retval None
  68:../../src/mains/recordingLight/arch/stm32f0xx_it.c ****   */
  69:../../src/mains/recordingLight/arch/stm32f0xx_it.c **** void HardFault_Handler(void)
  70:../../src/mains/recordingLight/arch/stm32f0xx_it.c **** {
  49              		.loc 1 70 0
  50              		.cfi_startproc
  51 0000 80B5     		push	{r7, lr}
  52              		.cfi_def_cfa_offset 8
  53              		.cfi_offset 7, -8
  54              		.cfi_offset 14, -4
  55 0002 00AF     		add	r7, sp, #0
  56              		.cfi_def_cfa_register 7
  57              	.L3:
  71:../../src/mains/recordingLight/arch/stm32f0xx_it.c ****   /* Go to infinite loop when Hard Fault exception occurs */
  72:../../src/mains/recordingLight/arch/stm32f0xx_it.c ****   while (1)
  73:../../src/mains/recordingLight/arch/stm32f0xx_it.c ****   {
  74:../../src/mains/recordingLight/arch/stm32f0xx_it.c ****   }
  58              		.loc 1 74 0 discriminator 1
  59 0004 FEE7     		b	.L3
  60              		.cfi_endproc
  61              	.LFE33:
  63 0006 C046     		.section	.text.SVC_Handler,"ax",%progbits
  64              		.align	2
  65              		.global	SVC_Handler
  66              		.code	16
  67              		.thumb_func
  69              	SVC_Handler:
  70              	.LFB34:
  75:../../src/mains/recordingLight/arch/stm32f0xx_it.c **** }
  76:../../src/mains/recordingLight/arch/stm32f0xx_it.c **** 
  77:../../src/mains/recordingLight/arch/stm32f0xx_it.c **** /**
  78:../../src/mains/recordingLight/arch/stm32f0xx_it.c ****   * @brief  This function handles SVCall exception.
  79:../../src/mains/recordingLight/arch/stm32f0xx_it.c ****   * @param  None
  80:../../src/mains/recordingLight/arch/stm32f0xx_it.c ****   * @retval None
  81:../../src/mains/recordingLight/arch/stm32f0xx_it.c ****   */
  82:../../src/mains/recordingLight/arch/stm32f0xx_it.c **** void SVC_Handler(void)
  83:../../src/mains/recordingLight/arch/stm32f0xx_it.c **** {
  71              		.loc 1 83 0
  72              		.cfi_startproc
  73 0000 80B5     		push	{r7, lr}
  74              		.cfi_def_cfa_offset 8
  75              		.cfi_offset 7, -8
  76              		.cfi_offset 14, -4
  77 0002 00AF     		add	r7, sp, #0
  78              		.cfi_def_cfa_register 7
  84:../../src/mains/recordingLight/arch/stm32f0xx_it.c **** }
  79              		.loc 1 84 0
  80 0004 BD46     		mov	sp, r7
  81              		@ sp needed
  82 0006 80BD     		pop	{r7, pc}
  83              		.cfi_endproc
  84              	.LFE34:
  86              		.section	.text.PendSV_Handler,"ax",%progbits
  87              		.align	2
  88              		.global	PendSV_Handler
  89              		.code	16
  90              		.thumb_func
  92              	PendSV_Handler:
  93              	.LFB35:
  85:../../src/mains/recordingLight/arch/stm32f0xx_it.c **** 
  86:../../src/mains/recordingLight/arch/stm32f0xx_it.c **** /**
  87:../../src/mains/recordingLight/arch/stm32f0xx_it.c ****   * @brief  This function handles PendSVC exception.
  88:../../src/mains/recordingLight/arch/stm32f0xx_it.c ****   * @param  None
  89:../../src/mains/recordingLight/arch/stm32f0xx_it.c ****   * @retval None
  90:../../src/mains/recordingLight/arch/stm32f0xx_it.c ****   */
  91:../../src/mains/recordingLight/arch/stm32f0xx_it.c **** void PendSV_Handler(void)
  92:../../src/mains/recordingLight/arch/stm32f0xx_it.c **** {
  94              		.loc 1 92 0
  95              		.cfi_startproc
  96 0000 80B5     		push	{r7, lr}
  97              		.cfi_def_cfa_offset 8
  98              		.cfi_offset 7, -8
  99              		.cfi_offset 14, -4
 100 0002 00AF     		add	r7, sp, #0
 101              		.cfi_def_cfa_register 7
  93:../../src/mains/recordingLight/arch/stm32f0xx_it.c **** }
 102              		.loc 1 93 0
 103 0004 BD46     		mov	sp, r7
 104              		@ sp needed
 105 0006 80BD     		pop	{r7, pc}
 106              		.cfi_endproc
 107              	.LFE35:
 109              		.text
 110              	.Letext0:
DEFINED SYMBOLS
                            *ABS*:0000000000000000 stm32f0xx_it.c
/var/folders/2L/2LLjjuM0EOeRSH4ujURun++++TI/-Tmp-//ccs55v2P.s:18     .text.NMI_Handler:0000000000000000 $t
/var/folders/2L/2LLjjuM0EOeRSH4ujURun++++TI/-Tmp-//ccs55v2P.s:23     .text.NMI_Handler:0000000000000000 NMI_Handler
/var/folders/2L/2LLjjuM0EOeRSH4ujURun++++TI/-Tmp-//ccs55v2P.s:42     .text.HardFault_Handler:0000000000000000 $t
/var/folders/2L/2LLjjuM0EOeRSH4ujURun++++TI/-Tmp-//ccs55v2P.s:47     .text.HardFault_Handler:0000000000000000 HardFault_Handler
/var/folders/2L/2LLjjuM0EOeRSH4ujURun++++TI/-Tmp-//ccs55v2P.s:64     .text.SVC_Handler:0000000000000000 $t
/var/folders/2L/2LLjjuM0EOeRSH4ujURun++++TI/-Tmp-//ccs55v2P.s:69     .text.SVC_Handler:0000000000000000 SVC_Handler
/var/folders/2L/2LLjjuM0EOeRSH4ujURun++++TI/-Tmp-//ccs55v2P.s:87     .text.PendSV_Handler:0000000000000000 $t
/var/folders/2L/2LLjjuM0EOeRSH4ujURun++++TI/-Tmp-//ccs55v2P.s:92     .text.PendSV_Handler:0000000000000000 PendSV_Handler
                     .debug_frame:0000000000000010 $d
                           .group:0000000000000000 wm4.0.9252205565be9cbc11fa49e4ee70d556
                           .group:0000000000000000 wm4.stm32f0xx.h.54.664bd2bdbb20859ae6a5c66c16d4ee5a
                           .group:0000000000000000 wm4.core_cm0.h.32.41c1bd92799bc17b3c8424dd5c622427
                           .group:0000000000000000 wm4.features.h.22.6a4ca7cd053637cc1d0db6c16f39b2d7
                           .group:0000000000000000 wm4._default_types.h.15.8b2cb27e528498f8ff711db085d6e489
                           .group:0000000000000000 wm4.stdint.h.20.796e373797e732130a803d4c0338fa1b
                           .group:0000000000000000 wm4.core_cm0.h.130.eea61816b4c7004601b0935484a214ea
                           .group:0000000000000000 wm4.stm32f0xx.h.226.38dd78fa77e64690c744af5bf4bffc7b
                           .group:0000000000000000 wm4.stm32f0xx_cec.h.80.d17e4ea90700c26010f339885be92ac0
                           .group:0000000000000000 wm4.stm32f0xx_crc.h.31.48fbd36307d848f32978567b16118557
                           .group:0000000000000000 wm4.stm32f0xx_comp.h.31.a640b8c7673f3e181cfd826dce70b6e2
                           .group:0000000000000000 wm4.stm32f0xx_dac.h.31.3e178ad0888f70df8fbc4c999d855b3e
                           .group:0000000000000000 wm4.stm32f0xx_dbgmcu.h.31.282da985c6ed8dd33417cf074ecfdf63
                           .group:0000000000000000 wm4.stm32f0xx_dma.h.31.68def2497939cb34c3f292e0c507724a
                           .group:0000000000000000 wm4.stm32f0xx_exti.h.31.81a00331ef3e014ed4dafe9e9baacca3
                           .group:0000000000000000 wm4.stm32f0xx_flash.h.31.60d92ed32439cfb92572ec2678e2be21
                           .group:0000000000000000 wm4.stm32f0xx_gpio.h.31.df5c3a39b21131ade11d30b7e1580be6
                           .group:0000000000000000 wm4.stm32f0xx_syscfg.h.31.f98c72ea26c47fccafefd977b75786d3
                           .group:0000000000000000 wm4.stm32f0xx_i2c.h.31.83969866ec38bbcc1bff9238f01a1954
                           .group:0000000000000000 wm4.stm32f0xx_iwdg.h.31.bb16f7e18e54df66bf9bd0e2b29bdc93
                           .group:0000000000000000 wm4.stm32f0xx_pwr.h.31.5b469253a65db741700e0b45f396c99d
                           .group:0000000000000000 wm4.stm32f0xx_rcc.h.31.bc2f5dd9e2f518d727a1e0ce497a42e6
                           .group:0000000000000000 wm4.stm32f0xx_rtc.h.31.bc9d631913a743746cf54f04d4efbf7b
                           .group:0000000000000000 wm4.stm32f0xx_spi.h.31.5b4d0d36c03feb5b081143cdba79744d
                           .group:0000000000000000 wm4.stm32f0xx_tim.h.31.21b4d7229c685868595d751757b51e1b
                           .group:0000000000000000 wm4.stm32f0xx_usart.h.31.8abae79a1c4f266d08faf5996370b48f
                           .group:0000000000000000 wm4.stm32f0xx_wwdg.h.31.0cf1a9b3d89d147c688025fdd33d9c49
                           .group:0000000000000000 wm4.stm32f0xx_misc.h.31.d5c08c37e69b8a852dbb75e9252454c6

NO UNDEFINED SYMBOLS
